a:\non unity projects\projecttree\choppingtrees\choppiongtrees\x64\debug\vc142.pdb
a:\non unity projects\projecttree\choppingtrees\choppiongtrees\x64\debug\vc142.idb
a:\non unity projects\projecttree\choppingtrees\choppiongtrees\x64\debug\game.obj
a:\non unity projects\projecttree\choppingtrees\choppiongtrees\x64\debug\source.obj
a:\non unity projects\projecttree\choppingtrees\choppiongtrees\x64\debug\utils.obj
a:\non unity projects\projecttree\choppingtrees\choppiongtrees\x64\debug\components.obj
a:\non unity projects\projecttree\choppingtrees\choppiongtrees\x64\debug\tilemap.obj
a:\non unity projects\projecttree\choppingtrees\choppiongtrees\x64\debug\tile.obj
a:\non unity projects\projecttree\choppingtrees\choppiongtrees\x64\debug\texturemanager.obj
a:\non unity projects\projecttree\choppingtrees\choppiongtrees\x64\debug\gameobject.obj
a:\non unity projects\projecttree\choppingtrees\choppiongtrees\x64\debug\ecs.obj
a:\non unity projects\projecttree\choppingtrees\x64\debug\choppiongtrees.exe
a:\non unity projects\projecttree\choppingtrees\choppiongtrees\x64\debug\choppiongtrees.ilk
a:\non unity projects\projecttree\choppingtrees\x64\debug\choppiongtrees.pdb
a:\non unity projects\projecttree\choppingtrees\choppiongtrees\x64\debug\choppiongtrees.tlog\cl.command.1.tlog
a:\non unity projects\projecttree\choppingtrees\choppiongtrees\x64\debug\choppiongtrees.tlog\cl.read.1.tlog
a:\non unity projects\projecttree\choppingtrees\choppiongtrees\x64\debug\choppiongtrees.tlog\cl.write.1.tlog
a:\non unity projects\projecttree\choppingtrees\choppiongtrees\x64\debug\choppiongtrees.tlog\link.command.1.tlog
a:\non unity projects\projecttree\choppingtrees\choppiongtrees\x64\debug\choppiongtrees.tlog\link.read.1.tlog
a:\non unity projects\projecttree\choppingtrees\choppiongtrees\x64\debug\choppiongtrees.tlog\link.write.1.tlog
